<?xml version="1.0" encoding="UTF-8"?>
<testsuite xmlns:xsi="http://www.w3.org/2001/XMLSchema-instance" xsi:noNamespaceSchemaLocation="https://maven.apache.org/surefire/maven-surefire-plugin/xsd/surefire-test-report-3.0.xsd" version="3.0" name="com.event.configurationserver.ConfigurationserverApplicationTests" time="7.864" tests="1" errors="0" skipped="0" failures="0">
  <properties>
[...]
</properties>
  <testcase name="contextLoads" classname="com.event.configurationserver.ConfigurationserverApplicationTests" time="0.866">
    <system-out><![CDATA[11:43:42.002 [main] INFO org.springframework.test.context.support.AnnotationConfigContextLoaderUtils -- Could not detect default configuration classes for test class [com.event.configurationserver.ConfigurationserverApplicationTests]: ConfigurationserverApplicationTests does not declare any static, non-private, non-final, nested classes annotated with @Configuration.
11:43:42.143 [main] INFO org.springframework.boot.test.context.SpringBootTestContextBootstrapper -- Found @SpringBootConfiguration com.event.configurationserver.ConfigurationserverApplication for test class com.event.configurationserver.ConfigurationserverApplicationTests

  .   ____          _            __ _ _
 /\\ / ___'_ __ _ _(_)_ __  __ _ \ \ \ \
( ( )\___ | '_ | '_| | '_ \/ _` | \ \ \ \
 \\/  ___)| |_)| | | | | || (_| |  ) ) ) )
  '  |____| .__|_| |_|_| |_\__, | / / / /
 =========|_|==============|___/=/_/_/_/

 :: Spring Boot ::                (v3.3.5)

2025-10-31T11:43:43.898+05:30  INFO 28560 --- [configurationserver] [           main] .e.c.ConfigurationserverApplicationTests : Starting ConfigurationserverApplicationTests using Java 20.0.2 with PID 28560 (started by ashis in E:\eventmanagement\configurationserver)
2025-10-31T11:43:43.900+05:30  INFO 28560 --- [configurationserver] [           main] .e.c.ConfigurationserverApplicationTests : The following 1 profile is active: "native"
2025-10-31T11:43:45.487+05:30  INFO 28560 --- [configurationserver] [           main] o.s.cloud.context.scope.GenericScope     : BeanFactory id=47107a5b-7550-3bf5-a533-dadfbd248657
2025-10-31T11:43:45.614+05:30  WARN 28560 --- [configurationserver] [           main] trationDelegate$BeanPostProcessorChecker : Bean 'org.springframework.cloud.client.loadbalancer.LoadBalancerAutoConfiguration$DeferringLoadBalancerInterceptorConfig' of type [org.springframework.cloud.client.loadbalancer.LoadBalancerAutoConfiguration$DeferringLoadBalancerInterceptorConfig] is not eligible for getting processed by all BeanPostProcessors (for example: not eligible for auto-proxying). The currently created BeanPostProcessor [lbRestClientPostProcessor] is declared through a non-static factory method on that class; consider declaring it as static instead.
2025-10-31T11:43:45.616+05:30  WARN 28560 --- [configurationserver] [           main] trationDelegate$BeanPostProcessorChecker : Bean 'deferringLoadBalancerInterceptor' of type [org.springframework.cloud.client.loadbalancer.DeferringLoadBalancerInterceptor] is not eligible for getting processed by all BeanPostProcessors (for example: not eligible for auto-proxying). Is this bean getting eagerly injected/applied to a currently created BeanPostProcessor [lbRestClientPostProcessor]? Check the corresponding BeanPostProcessor declaration and its dependencies/advisors. If this bean does not have to be post-processed, declare it with ROLE_INFRASTRUCTURE.
2025-10-31T11:43:46.842+05:30  INFO 28560 --- [configurationserver] [           main] r$InitializeUserDetailsManagerConfigurer : Global AuthenticationManager configured with UserDetailsService bean with name inMemoryUserDetailsManager
2025-10-31T11:43:47.799+05:30  INFO 28560 --- [configurationserver] [           main] DiscoveryClientOptionalArgsConfiguration : Eureka HTTP Client uses RestTemplate.
2025-10-31T11:43:48.083+05:30  WARN 28560 --- [configurationserver] [           main] iguration$LoadBalancerCaffeineWarnLogger : Spring Cloud LoadBalancer is currently working with the default cache. While this cache implementation is useful for development and tests, it's recommended to use Caffeine cache in production.You can switch to using Caffeine cache, by adding it and org.springframework.cache.caffeine.CaffeineCacheManager to the classpath.
2025-10-31T11:43:48.122+05:30  INFO 28560 --- [configurationserver] [           main] o.s.c.n.eureka.InstanceInfoFactory       : Setting initial instance status as: STARTING
2025-10-31T11:43:48.154+05:30  INFO 28560 --- [configurationserver] [           main] com.netflix.discovery.DiscoveryClient    : Initializing Eureka in region us-east-1
2025-10-31T11:43:48.161+05:30  INFO 28560 --- [configurationserver] [           main] c.n.d.s.r.aws.ConfigClusterResolver      : Resolving eureka endpoints via configuration
2025-10-31T11:43:48.172+05:30  INFO 28560 --- [configurationserver] [           main] com.netflix.discovery.DiscoveryClient    : Disable delta property : false
2025-10-31T11:43:48.173+05:30  INFO 28560 --- [configurationserver] [           main] com.netflix.discovery.DiscoveryClient    : Single vip registry refresh property : null
2025-10-31T11:43:48.173+05:30  INFO 28560 --- [configurationserver] [           main] com.netflix.discovery.DiscoveryClient    : Force full registry fetch : false
2025-10-31T11:43:48.173+05:30  INFO 28560 --- [configurationserver] [           main] com.netflix.discovery.DiscoveryClient    : Application is null : false
2025-10-31T11:43:48.173+05:30  INFO 28560 --- [configurationserver] [           main] com.netflix.discovery.DiscoveryClient    : Registered Applications size is zero : true
2025-10-31T11:43:48.173+05:30  INFO 28560 --- [configurationserver] [           main] com.netflix.discovery.DiscoveryClient    : Application version is -1: true
2025-10-31T11:43:48.173+05:30  INFO 28560 --- [configurationserver] [           main] com.netflix.discovery.DiscoveryClient    : Getting all instance registry info from the eureka server
2025-10-31T11:43:48.685+05:30  INFO 28560 --- [configurationserver] [           main] com.netflix.discovery.DiscoveryClient    : The response status is 200
2025-10-31T11:43:48.691+05:30  INFO 28560 --- [configurationserver] [           main] com.netflix.discovery.DiscoveryClient    : Starting heartbeat executor: renew interval is: 30
2025-10-31T11:43:48.693+05:30  INFO 28560 --- [configurationserver] [           main] c.n.discovery.InstanceInfoReplicator     : InstanceInfoReplicator onDemand update allowed rate per min is 4
2025-10-31T11:43:48.695+05:30  INFO 28560 --- [configurationserver] [           main] com.netflix.discovery.DiscoveryClient    : Discovery Client initialized at timestamp 1761891228694 with initial instances count: 4
2025-10-31T11:43:48.701+05:30  INFO 28560 --- [configurationserver] [           main] o.s.c.n.e.s.EurekaServiceRegistry        : Registering application CONFIGURATIONSERVER with eureka with status UP
2025-10-31T11:43:48.702+05:30  INFO 28560 --- [configurationserver] [           main] com.netflix.discovery.DiscoveryClient    : Saw local status change event StatusChangeEvent [timestamp=1761891228702, current=UP, previous=STARTING]
2025-10-31T11:43:48.705+05:30  INFO 28560 --- [configurationserver] [foReplicator-%d] com.netflix.discovery.DiscoveryClient    : DiscoveryClient_CONFIGURATIONSERVER/localhost:configurationserver:8888: registering service...
2025-10-31T11:43:48.728+05:30  INFO 28560 --- [configurationserver] [           main] .e.c.ConfigurationserverApplicationTests : Started ConfigurationserverApplicationTests in 6.419 seconds (process running for 7.541)
2025-10-31T11:43:48.778+05:30  INFO 28560 --- [configurationserver] [foReplicator-%d] com.netflix.discovery.DiscoveryClient    : DiscoveryClient_CONFIGURATIONSERVER/localhost:configurationserver:8888 - registration status: 204
]]></system-out>
  </testcase>
</testsuite>